<component name="libraryTable">
  <library name="junit-4.10-sources">
    <CLASSES />
    <JAVADOC />
    <SOURCES>
      <root url="jar://$PROJECT_DIR$/lib/junit-4.10-sources.jar!/" />
    </SOURCES>
  </library>
</component>